2025-06-26 07:40:50,717 [INFO] Logging initialized. Output -> /Users/shailyjaloree/eqx-index-project/logs/index_builder.log
2025-06-26 07:41:33,783 [INFO] Starting index build for date: 2024-04-26
2025-06-26 07:41:33,795 [INFO] index_values updated with data for 2024-04-26.
2025-06-26 07:41:33,798 [INFO] Index build process completed.
2025-06-26 07:41:33,815 [INFO] Starting index build for date: 2024-04-27
2025-06-26 07:41:33,822 [WARNING] [2024-04-27] Less than 100 stocks available. Skipping.
2025-06-26 07:41:33,822 [WARNING] No index calculated for 2024-04-27.
2025-06-26 07:41:33,823 [INFO] Index build process completed.
2025-06-26 07:41:33,831 [INFO] Starting index build for date: 2024-04-28
2025-06-26 07:41:33,837 [WARNING] [2024-04-28] Less than 100 stocks available. Skipping.
2025-06-26 07:41:33,837 [WARNING] No index calculated for 2024-04-28.
2025-06-26 07:41:33,837 [INFO] Index build process completed.
2025-06-26 07:41:33,845 [INFO] Starting index build for date: 2024-04-29
2025-06-26 07:41:33,853 [INFO] index_values updated with data for 2024-04-29.
2025-06-26 07:41:33,855 [INFO] Index build process completed.
2025-06-26 07:41:33,870 [INFO] Starting index build for date: 2024-04-30
2025-06-26 07:41:33,878 [INFO] index_values updated with data for 2024-04-30.
2025-06-26 07:41:33,881 [INFO] Index build process completed.
2025-06-26 07:41:33,896 [INFO] Starting index build for date: 2024-05-01
2025-06-26 07:41:33,904 [INFO] index_values updated with data for 2024-05-01.
2025-06-26 07:41:33,907 [INFO] Index build process completed.
2025-06-26 07:41:33,923 [INFO] Starting index build for date: 2024-05-02
2025-06-26 07:41:33,930 [INFO] index_values updated with data for 2024-05-02.
2025-06-26 07:41:33,933 [INFO] Index build process completed.
2025-06-26 07:41:33,949 [INFO] Starting index build for date: 2024-05-03
2025-06-26 07:41:33,957 [INFO] index_values updated with data for 2024-05-03.
2025-06-26 07:41:33,960 [INFO] Index build process completed.
2025-06-26 07:41:33,977 [INFO] Starting index build for date: 2024-05-04
2025-06-26 07:41:33,983 [WARNING] [2024-05-04] Less than 100 stocks available. Skipping.
2025-06-26 07:41:33,983 [WARNING] No index calculated for 2024-05-04.
2025-06-26 07:41:33,984 [INFO] Index build process completed.
2025-06-26 07:41:33,992 [INFO] Starting index build for date: 2024-05-05
2025-06-26 07:41:33,998 [WARNING] [2024-05-05] Less than 100 stocks available. Skipping.
2025-06-26 07:41:33,998 [WARNING] No index calculated for 2024-05-05.
2025-06-26 07:41:33,999 [INFO] Index build process completed.
2025-06-26 07:41:34,006 [INFO] Starting index build for date: 2024-05-06
2025-06-26 07:41:34,014 [INFO] index_values updated with data for 2024-05-06.
2025-06-26 07:41:34,017 [INFO] Index build process completed.
2025-06-26 07:41:34,031 [INFO] Starting index build for date: 2024-05-07
2025-06-26 07:41:34,039 [INFO] index_values updated with data for 2024-05-07.
2025-06-26 07:41:34,042 [INFO] Index build process completed.
2025-06-26 07:41:34,056 [INFO] Starting index build for date: 2024-05-08
2025-06-26 07:41:34,063 [INFO] index_values updated with data for 2024-05-08.
2025-06-26 07:41:34,066 [INFO] Index build process completed.
2025-06-26 07:41:34,081 [INFO] Starting index build for date: 2024-05-09
2025-06-26 07:41:34,088 [INFO] index_values updated with data for 2024-05-09.
2025-06-26 07:41:34,091 [INFO] Index build process completed.
2025-06-26 07:41:34,105 [INFO] Starting index build for date: 2024-05-10
2025-06-26 07:41:34,115 [INFO] index_values updated with data for 2024-05-10.
2025-06-26 07:41:34,118 [INFO] Index build process completed.
2025-06-26 07:41:34,134 [INFO] Starting index build for date: 2024-05-11
2025-06-26 07:41:34,140 [WARNING] [2024-05-11] Less than 100 stocks available. Skipping.
2025-06-26 07:41:34,140 [WARNING] No index calculated for 2024-05-11.
2025-06-26 07:41:34,140 [INFO] Index build process completed.
2025-06-26 07:41:34,148 [INFO] Starting index build for date: 2024-05-12
2025-06-26 07:41:34,154 [WARNING] [2024-05-12] Less than 100 stocks available. Skipping.
2025-06-26 07:41:34,154 [WARNING] No index calculated for 2024-05-12.
2025-06-26 07:41:34,154 [INFO] Index build process completed.
2025-06-26 07:41:34,162 [INFO] Starting index build for date: 2024-05-13
2025-06-26 07:41:34,169 [INFO] index_values updated with data for 2024-05-13.
2025-06-26 07:41:34,172 [INFO] Index build process completed.
2025-06-26 07:41:34,187 [INFO] Starting index build for date: 2024-05-14
2025-06-26 07:41:34,194 [INFO] index_values updated with data for 2024-05-14.
2025-06-26 07:41:34,197 [INFO] Index build process completed.
2025-06-26 07:41:34,212 [INFO] Starting index build for date: 2024-05-15
2025-06-26 07:41:34,219 [INFO] index_values updated with data for 2024-05-15.
2025-06-26 07:41:34,222 [INFO] Index build process completed.
2025-06-26 07:41:34,237 [INFO] Starting index build for date: 2024-05-16
2025-06-26 07:41:34,245 [INFO] index_values updated with data for 2024-05-16.
2025-06-26 07:41:34,248 [INFO] Index build process completed.
2025-06-26 07:41:34,262 [INFO] Starting index build for date: 2024-05-17
2025-06-26 07:41:34,270 [INFO] index_values updated with data for 2024-05-17.
2025-06-26 07:41:34,273 [INFO] Index build process completed.
2025-06-26 07:41:34,287 [INFO] Starting index build for date: 2024-05-18
2025-06-26 07:41:34,292 [WARNING] [2024-05-18] Less than 100 stocks available. Skipping.
2025-06-26 07:41:34,292 [WARNING] No index calculated for 2024-05-18.
2025-06-26 07:41:34,293 [INFO] Index build process completed.
2025-06-26 07:41:34,301 [INFO] Starting index build for date: 2024-05-19
2025-06-26 07:41:34,306 [WARNING] [2024-05-19] Less than 100 stocks available. Skipping.
2025-06-26 07:41:34,306 [WARNING] No index calculated for 2024-05-19.
2025-06-26 07:41:34,307 [INFO] Index build process completed.
2025-06-26 07:41:34,314 [INFO] Starting index build for date: 2024-05-20
2025-06-26 07:41:34,321 [INFO] index_values updated with data for 2024-05-20.
2025-06-26 07:41:34,325 [INFO] Index build process completed.
2025-06-26 07:41:34,339 [INFO] Starting index build for date: 2024-05-21
2025-06-26 07:41:34,347 [INFO] index_values updated with data for 2024-05-21.
2025-06-26 07:41:34,350 [INFO] Index build process completed.
2025-06-26 07:41:34,365 [INFO] Starting index build for date: 2024-05-22
2025-06-26 07:41:34,372 [INFO] index_values updated with data for 2024-05-22.
2025-06-26 07:41:34,375 [INFO] Index build process completed.
2025-06-26 07:41:34,390 [INFO] Starting index build for date: 2024-05-23
2025-06-26 07:41:34,397 [INFO] index_values updated with data for 2024-05-23.
2025-06-26 07:41:34,400 [INFO] Index build process completed.
2025-06-26 07:41:34,415 [INFO] Starting index build for date: 2024-05-24
2025-06-26 07:41:34,422 [INFO] index_values updated with data for 2024-05-24.
2025-06-26 07:41:34,426 [INFO] Index build process completed.
2025-06-26 07:41:34,441 [INFO] Starting index build for date: 2024-05-25
2025-06-26 07:41:34,446 [WARNING] [2024-05-25] Less than 100 stocks available. Skipping.
2025-06-26 07:41:34,447 [WARNING] No index calculated for 2024-05-25.
2025-06-26 07:41:34,447 [INFO] Index build process completed.
2025-06-26 07:41:34,455 [INFO] Starting index build for date: 2024-05-26
2025-06-26 07:41:34,460 [WARNING] [2024-05-26] Less than 100 stocks available. Skipping.
2025-06-26 07:41:34,460 [WARNING] No index calculated for 2024-05-26.
2025-06-26 07:41:34,461 [INFO] Index build process completed.
2025-06-26 07:41:34,468 [INFO] Starting index build for date: 2024-05-27
2025-06-26 07:41:34,473 [WARNING] [2024-05-27] Less than 100 stocks available. Skipping.
2025-06-26 07:41:34,473 [WARNING] No index calculated for 2024-05-27.
2025-06-26 07:41:34,474 [INFO] Index build process completed.
2025-06-26 07:41:34,482 [INFO] Starting index build for date: 2024-05-28
2025-06-26 07:41:34,490 [INFO] index_values updated with data for 2024-05-28.
2025-06-26 07:41:34,494 [INFO] Index build process completed.
2025-06-26 07:41:34,510 [INFO] Starting index build for date: 2024-05-29
2025-06-26 07:41:34,517 [INFO] index_values updated with data for 2024-05-29.
2025-06-26 07:41:34,521 [INFO] Index build process completed.
2025-06-26 07:41:34,537 [INFO] Starting index build for date: 2024-05-30
2025-06-26 07:41:34,545 [INFO] index_values updated with data for 2024-05-30.
2025-06-26 07:41:34,550 [INFO] Index build process completed.
2025-06-26 07:41:34,565 [INFO] Starting index build for date: 2024-05-31
2025-06-26 07:41:34,573 [INFO] index_values updated with data for 2024-05-31.
2025-06-26 07:41:34,577 [INFO] Index build process completed.
2025-06-26 07:41:34,593 [INFO] Starting index build for date: 2024-06-01
2025-06-26 07:41:34,598 [WARNING] [2024-06-01] Less than 100 stocks available. Skipping.
2025-06-26 07:41:34,598 [WARNING] No index calculated for 2024-06-01.
2025-06-26 07:41:34,599 [INFO] Index build process completed.
2025-06-26 07:41:34,606 [INFO] Starting index build for date: 2024-06-02
2025-06-26 07:41:34,612 [WARNING] [2024-06-02] Less than 100 stocks available. Skipping.
2025-06-26 07:41:34,612 [WARNING] No index calculated for 2024-06-02.
2025-06-26 07:41:34,612 [INFO] Index build process completed.
2025-06-26 07:41:34,620 [INFO] Starting index build for date: 2024-06-03
2025-06-26 07:41:34,627 [INFO] index_values updated with data for 2024-06-03.
2025-06-26 07:41:34,631 [INFO] Index build process completed.
2025-06-26 07:41:34,647 [INFO] Starting index build for date: 2024-06-04
2025-06-26 07:41:34,655 [INFO] index_values updated with data for 2024-06-04.
2025-06-26 07:41:34,659 [INFO] Index build process completed.
2025-06-26 07:41:34,675 [INFO] Starting index build for date: 2024-06-05
2025-06-26 07:41:34,692 [INFO] index_values updated with data for 2024-06-05.
2025-06-26 07:41:34,697 [INFO] Index build process completed.
2025-06-26 07:41:34,715 [INFO] Starting index build for date: 2024-06-06
2025-06-26 07:41:34,723 [INFO] index_values updated with data for 2024-06-06.
2025-06-26 07:41:34,727 [INFO] Index build process completed.
2025-06-26 07:41:34,743 [INFO] Starting index build for date: 2024-06-07
2025-06-26 07:41:34,750 [INFO] index_values updated with data for 2024-06-07.
2025-06-26 07:41:34,755 [INFO] Index build process completed.
2025-06-26 07:41:34,771 [INFO] Starting index build for date: 2024-06-08
2025-06-26 07:41:34,776 [WARNING] [2024-06-08] Less than 100 stocks available. Skipping.
2025-06-26 07:41:34,776 [WARNING] No index calculated for 2024-06-08.
2025-06-26 07:41:34,777 [INFO] Index build process completed.
2025-06-26 07:41:34,785 [INFO] Starting index build for date: 2024-06-09
2025-06-26 07:41:34,790 [WARNING] [2024-06-09] Less than 100 stocks available. Skipping.
2025-06-26 07:41:34,790 [WARNING] No index calculated for 2024-06-09.
2025-06-26 07:41:34,791 [INFO] Index build process completed.
2025-06-26 07:41:34,798 [INFO] Starting index build for date: 2024-06-10
2025-06-26 07:41:34,806 [INFO] index_values updated with data for 2024-06-10.
2025-06-26 07:41:34,810 [INFO] Index build process completed.
2025-06-26 07:41:34,826 [INFO] Starting index build for date: 2024-06-11
2025-06-26 07:41:34,834 [INFO] index_values updated with data for 2024-06-11.
2025-06-26 07:41:34,839 [INFO] Index build process completed.
2025-06-26 07:41:34,857 [INFO] Starting index build for date: 2024-06-12
2025-06-26 07:41:34,865 [INFO] index_values updated with data for 2024-06-12.
2025-06-26 07:41:34,869 [INFO] Index build process completed.
2025-06-26 07:41:34,885 [INFO] Starting index build for date: 2024-06-13
2025-06-26 07:41:34,893 [INFO] index_values updated with data for 2024-06-13.
2025-06-26 07:41:34,897 [INFO] Index build process completed.
2025-06-26 07:41:34,913 [INFO] Starting index build for date: 2024-06-14
2025-06-26 07:41:34,921 [INFO] index_values updated with data for 2024-06-14.
2025-06-26 07:41:34,925 [INFO] Index build process completed.
2025-06-26 07:41:34,941 [INFO] Starting index build for date: 2024-06-15
2025-06-26 07:41:34,946 [WARNING] [2024-06-15] Less than 100 stocks available. Skipping.
2025-06-26 07:41:34,946 [WARNING] No index calculated for 2024-06-15.
2025-06-26 07:41:34,947 [INFO] Index build process completed.
2025-06-26 07:41:34,955 [INFO] Starting index build for date: 2024-06-16
2025-06-26 07:41:34,960 [WARNING] [2024-06-16] Less than 100 stocks available. Skipping.
2025-06-26 07:41:34,960 [WARNING] No index calculated for 2024-06-16.
2025-06-26 07:41:34,961 [INFO] Index build process completed.
2025-06-26 07:41:34,968 [INFO] Starting index build for date: 2024-06-17
2025-06-26 07:41:34,976 [INFO] index_values updated with data for 2024-06-17.
2025-06-26 07:41:34,980 [INFO] Index build process completed.
2025-06-26 07:41:34,996 [INFO] Starting index build for date: 2024-06-18
2025-06-26 07:41:35,003 [INFO] index_values updated with data for 2024-06-18.
2025-06-26 07:41:35,008 [INFO] Index build process completed.
2025-06-26 07:41:35,024 [INFO] Starting index build for date: 2024-06-19
2025-06-26 07:41:35,030 [WARNING] [2024-06-19] Less than 100 stocks available. Skipping.
2025-06-26 07:41:35,030 [WARNING] No index calculated for 2024-06-19.
2025-06-26 07:41:35,031 [INFO] Index build process completed.
2025-06-26 07:41:35,038 [INFO] Starting index build for date: 2024-06-20
2025-06-26 07:41:35,045 [INFO] index_values updated with data for 2024-06-20.
2025-06-26 07:41:35,050 [INFO] Index build process completed.
2025-06-26 07:41:35,067 [INFO] Starting index build for date: 2024-06-21
2025-06-26 07:41:35,074 [INFO] index_values updated with data for 2024-06-21.
2025-06-26 07:41:35,079 [INFO] Index build process completed.
2025-06-26 07:41:35,096 [INFO] Starting index build for date: 2024-06-22
2025-06-26 07:41:35,101 [WARNING] [2024-06-22] Less than 100 stocks available. Skipping.
2025-06-26 07:41:35,101 [WARNING] No index calculated for 2024-06-22.
2025-06-26 07:41:35,102 [INFO] Index build process completed.
2025-06-26 07:41:35,109 [INFO] Starting index build for date: 2024-06-23
2025-06-26 07:41:35,115 [WARNING] [2024-06-23] Less than 100 stocks available. Skipping.
2025-06-26 07:41:35,115 [WARNING] No index calculated for 2024-06-23.
2025-06-26 07:41:35,115 [INFO] Index build process completed.
2025-06-26 07:41:35,123 [INFO] Starting index build for date: 2024-06-24
2025-06-26 07:41:35,130 [INFO] index_values updated with data for 2024-06-24.
2025-06-26 07:41:35,134 [INFO] Index build process completed.
2025-06-26 07:47:54,332 [INFO] Logging initialized. Output -> /Users/shailyjaloree/eqx-index-project/logs/index_builder.log
2025-06-26 07:48:34,346 [INFO] Starting index build for date: 2024-06-25
2025-06-26 07:48:34,360 [INFO] index_values updated with data for 2024-06-25.
2025-06-26 07:48:34,366 [INFO] Index build process completed.
