2025-06-25 07:54:23,739 [INFO] Logging initialized. Output -> /Users/shailyjaloree/eqx-index-project/logs/ingestion.log
2025-06-25 07:54:24,210 [INFO] Logging initialized. Output -> /Users/shailyjaloree/eqx-index-project/logs/ingestion.log
2025-06-25 07:54:24,218 [INFO] Tables created.
2025-06-25 07:54:26,050 [INFO] Fetched 0 live tickers from Finnhub.
2025-06-25 07:54:26,053 [WARNING] Finnhub failed. Falling back to S&P 500 tickers.
2025-06-25 07:54:26,755 [INFO] Fetched 503 tickers from Wikipedia S&P 500 list.
2025-06-25 07:54:26,966 [WARNING] [ACN] Fetch error: Too Many Requests. Rate limited. Try after a while.
2025-06-25 07:54:27,498 [INFO] [AFL] Inserted 26 rows.
2025-06-25 07:54:27,561 [INFO] [AES] Inserted 26 rows.
2025-06-25 07:54:27,565 [INFO] [ADBE] Inserted 26 rows.
2025-06-25 07:54:27,571 [INFO] [AOS] Inserted 26 rows.
2025-06-25 07:54:27,572 [INFO] [AMD] Inserted 26 rows.
2025-06-25 07:54:27,573 [INFO] [ABBV] Inserted 26 rows.
2025-06-25 07:54:27,575 [INFO] [MMM] Inserted 26 rows.
2025-06-25 07:54:27,607 [INFO] [ABT] Inserted 26 rows.
2025-06-25 07:54:27,841 [INFO] [A] Inserted 26 rows.
2025-06-25 07:54:27,854 [INFO] [ABNB] Inserted 26 rows.
2025-06-25 07:54:27,861 [INFO] [AKAM] Inserted 26 rows.
2025-06-25 07:54:27,875 [INFO] [ALGN] Inserted 26 rows.
2025-06-25 07:54:27,895 [INFO] [APD] Inserted 26 rows.
2025-06-25 07:54:27,915 [INFO] [ALB] Inserted 26 rows.
2025-06-25 07:54:27,941 [INFO] [ALLE] Inserted 26 rows.
2025-06-25 07:54:28,008 [INFO] [ARE] Inserted 26 rows.
2025-06-25 07:54:28,154 [INFO] [GOOGL] Inserted 26 rows.
2025-06-25 07:54:28,226 [INFO] [GOOG] Inserted 26 rows.
2025-06-25 07:54:28,228 [INFO] [ALL] Inserted 26 rows.
2025-06-25 07:54:28,276 [INFO] [AMCR] Inserted 26 rows.
2025-06-25 07:54:28,289 [INFO] [LNT] Inserted 26 rows.
2025-06-25 07:54:28,315 [INFO] [MO] Inserted 26 rows.
2025-06-25 07:54:28,334 [INFO] [AEE] Inserted 26 rows.
2025-06-25 07:54:28,365 [INFO] [AMZN] Inserted 26 rows.
2025-06-25 07:54:28,551 [INFO] [AEP] Inserted 26 rows.
2025-06-25 07:54:28,609 [INFO] [AWK] Inserted 26 rows.
2025-06-25 07:54:28,627 [INFO] [AXP] Inserted 26 rows.
2025-06-25 07:54:28,631 [INFO] [AMT] Inserted 26 rows.
2025-06-25 07:54:28,639 [INFO] [AMP] Inserted 26 rows.
2025-06-25 07:54:28,680 [INFO] [AMGN] Inserted 26 rows.
2025-06-25 07:54:28,689 [INFO] [AME] Inserted 26 rows.
2025-06-25 07:54:28,858 [INFO] [AIG] Inserted 26 rows.
2025-06-25 07:54:28,891 [INFO] [APH] Inserted 26 rows.
2025-06-25 07:54:28,935 [INFO] [ADI] Inserted 26 rows.
2025-06-25 07:54:28,938 [INFO] [ANSS] Inserted 26 rows.
2025-06-25 07:54:28,987 [INFO] [APA] Inserted 26 rows.
2025-06-25 07:54:29,011 [INFO] [AON] Inserted 26 rows.
2025-06-25 07:54:29,012 [INFO] [APO] Inserted 26 rows.
2025-06-25 07:54:29,024 [INFO] [AAPL] Inserted 26 rows.
2025-06-25 07:54:29,199 [INFO] [APTV] Inserted 26 rows.
2025-06-25 07:54:29,200 [INFO] [AMAT] Inserted 26 rows.
2025-06-25 07:54:29,217 [INFO] [ACGL] Inserted 26 rows.
2025-06-25 07:54:29,287 [INFO] [ADM] Inserted 26 rows.
2025-06-25 07:54:29,288 [INFO] [ANET] Inserted 26 rows.
2025-06-25 07:54:29,374 [INFO] [AIZ] Inserted 26 rows.
2025-06-25 07:54:29,444 [INFO] [T] Inserted 26 rows.
2025-06-25 07:54:29,471 [INFO] [AJG] Inserted 26 rows.
2025-06-25 07:54:29,529 [INFO] [ADSK] Inserted 26 rows.
2025-06-25 07:54:29,562 [INFO] [ADP] Inserted 26 rows.
2025-06-25 07:54:29,603 [INFO] [AZO] Inserted 26 rows.
2025-06-25 07:54:29,623 [INFO] [ATO] Inserted 26 rows.
2025-06-25 07:54:29,676 [INFO] [AVB] Inserted 26 rows.
2025-06-25 07:54:29,745 [INFO] [AXON] Inserted 26 rows.
2025-06-25 07:54:29,804 [INFO] [AVY] Inserted 26 rows.
2025-06-25 07:54:29,835 [INFO] [BKR] Inserted 26 rows.
2025-06-25 07:54:29,916 [INFO] [BAC] Inserted 26 rows.
2025-06-25 07:54:29,927 [INFO] [BALL] Inserted 26 rows.
2025-06-25 07:54:29,949 [INFO] [BAX] Inserted 26 rows.
2025-06-25 07:54:29,963 [INFO] [BRK-B] Inserted 26 rows.
2025-06-25 07:54:30,001 [INFO] [BDX] Inserted 26 rows.
2025-06-25 07:54:30,092 [INFO] [BBY] Inserted 26 rows.
2025-06-25 07:54:30,129 [INFO] [TECH] Inserted 26 rows.
2025-06-25 07:54:30,169 [INFO] [BIIB] Inserted 26 rows.
2025-06-25 07:54:30,227 [INFO] [BLK] Inserted 26 rows.
2025-06-25 07:54:30,239 [INFO] [BX] Inserted 26 rows.
2025-06-25 07:54:30,294 [INFO] [BK] Inserted 26 rows.
2025-06-25 07:54:30,347 [INFO] [BA] Inserted 26 rows.
2025-06-25 07:54:30,349 [INFO] [BKNG] Inserted 26 rows.
2025-06-25 07:54:30,502 [INFO] [BSX] Inserted 26 rows.
2025-06-25 07:54:30,503 [INFO] [AVGO] Inserted 26 rows.
2025-06-25 07:54:30,519 [INFO] [BMY] Inserted 26 rows.
2025-06-25 07:54:30,611 [INFO] [BR] Inserted 26 rows.
2025-06-25 07:54:30,618 [INFO] [BRO] Inserted 26 rows.
2025-06-25 07:54:30,641 [INFO] [BF-B] Inserted 26 rows.
2025-06-25 07:54:30,670 [INFO] [BG] Inserted 26 rows.
2025-06-25 07:54:30,735 [INFO] [BLDR] Inserted 26 rows.
2025-06-25 07:54:30,821 [INFO] [CDNS] Inserted 26 rows.
2025-06-25 07:54:30,859 [INFO] [BXP] Inserted 26 rows.
2025-06-25 07:54:30,865 [INFO] [CHRW] Inserted 26 rows.
2025-06-25 07:54:30,960 [INFO] [CZR] Inserted 26 rows.
2025-06-25 07:54:30,962 [INFO] [CPT] Inserted 26 rows.
2025-06-25 07:54:31,032 [INFO] [COF] Inserted 26 rows.
2025-06-25 07:54:31,034 [INFO] [CPB] Inserted 26 rows.
2025-06-25 07:54:31,083 [INFO] [CAH] Inserted 26 rows.
2025-06-25 07:54:31,135 [INFO] [KMX] Inserted 26 rows.
2025-06-25 07:54:31,199 [INFO] [CARR] Inserted 26 rows.
2025-06-25 07:54:31,201 [INFO] [CCL] Inserted 26 rows.
2025-06-25 07:54:31,322 [INFO] [CBRE] Inserted 26 rows.
2025-06-25 07:54:31,390 [INFO] [CBOE] Inserted 26 rows.
2025-06-25 07:54:31,407 [INFO] [CAT] Inserted 26 rows.
2025-06-25 07:54:31,412 [INFO] [CDW] Inserted 26 rows.
2025-06-25 07:54:31,488 [INFO] [COR] Inserted 26 rows.
2025-06-25 07:54:31,536 [INFO] [CNC] Inserted 26 rows.
2025-06-25 07:54:31,585 [INFO] [CF] Inserted 26 rows.
2025-06-25 07:54:31,620 [INFO] [CNP] Inserted 26 rows.
2025-06-25 07:54:31,631 [INFO] [CRL] Inserted 26 rows.
2025-06-25 07:54:31,706 [INFO] [SCHW] Inserted 26 rows.
2025-06-25 07:54:31,712 [INFO] [CHTR] Inserted 26 rows.
2025-06-25 07:54:31,805 [INFO] [CVX] Inserted 26 rows.
2025-06-25 07:54:31,877 [INFO] [CMG] Inserted 26 rows.
2025-06-25 07:54:31,927 [INFO] [CHD] Inserted 26 rows.
2025-06-25 07:54:31,957 [INFO] [CB] Inserted 26 rows.
2025-06-25 07:54:31,985 [INFO] [CI] Inserted 26 rows.
2025-06-25 07:54:32,002 [INFO] [CINF] Inserted 26 rows.
2025-06-25 07:54:32,026 [INFO] [CSCO] Inserted 26 rows.
2025-06-25 07:54:32,045 [INFO] [CTAS] Inserted 26 rows.
2025-06-25 07:54:32,152 [INFO] [C] Inserted 26 rows.
2025-06-25 07:54:32,196 [INFO] [CFG] Inserted 26 rows.
2025-06-25 07:54:32,289 [INFO] [CME] Inserted 26 rows.
2025-06-25 07:54:32,302 [INFO] [CLX] Inserted 26 rows.
2025-06-25 07:54:32,340 [INFO] [COIN] Inserted 26 rows.
2025-06-25 07:54:32,341 [INFO] [CTSH] Inserted 26 rows.
2025-06-25 07:54:32,370 [INFO] [CMS] Inserted 26 rows.
2025-06-25 07:54:32,528 [INFO] [KO] Inserted 26 rows.
2025-06-25 07:54:32,554 [INFO] [CL] Inserted 26 rows.
2025-06-25 07:54:32,634 [INFO] [CMCSA] Inserted 26 rows.
2025-06-25 07:54:32,653 [INFO] [STZ] Inserted 26 rows.
2025-06-25 07:54:32,655 [INFO] [CAG] Inserted 26 rows.
2025-06-25 07:54:32,718 [INFO] [CEG] Inserted 26 rows.
2025-06-25 07:54:32,727 [INFO] [COP] Inserted 26 rows.
2025-06-25 07:54:32,742 [INFO] [ED] Inserted 26 rows.
2025-06-25 07:54:32,875 [INFO] [CPRT] Inserted 26 rows.
2025-06-25 07:54:32,947 [INFO] [COO] Inserted 26 rows.
2025-06-25 07:54:32,969 [INFO] [CPAY] Inserted 26 rows.
2025-06-25 07:54:33,059 [INFO] [CSGP] Inserted 26 rows.
2025-06-25 07:54:33,062 [INFO] [GLW] Inserted 26 rows.
2025-06-25 07:54:33,063 [INFO] [COST] Inserted 26 rows.
2025-06-25 07:54:33,089 [INFO] [CTVA] Inserted 26 rows.
2025-06-25 07:54:33,108 [INFO] [CTRA] Inserted 26 rows.
2025-06-25 07:54:33,218 [INFO] [CRWD] Inserted 26 rows.
2025-06-25 07:54:33,275 [INFO] [CCI] Inserted 26 rows.
2025-06-25 07:54:33,327 [INFO] [CSX] Inserted 26 rows.
2025-06-25 07:54:33,396 [INFO] [CVS] Inserted 26 rows.
2025-06-25 07:54:33,412 [INFO] [DVA] Inserted 26 rows.
2025-06-25 07:54:33,444 [INFO] [DHR] Inserted 26 rows.
2025-06-25 07:54:33,449 [INFO] [DRI] Inserted 26 rows.
2025-06-25 07:54:33,520 [INFO] [CMI] Inserted 26 rows.
2025-06-25 07:54:33,546 [INFO] [DAY] Inserted 26 rows.
2025-06-25 07:54:33,575 [INFO] [DECK] Inserted 26 rows.
2025-06-25 07:54:33,717 [INFO] [DELL] Inserted 26 rows.
2025-06-25 07:54:33,764 [INFO] [DXCM] Inserted 26 rows.
2025-06-25 07:54:33,809 [INFO] [DVN] Inserted 26 rows.
2025-06-25 07:54:33,811 [INFO] [DAL] Inserted 26 rows.
2025-06-25 07:54:33,821 [INFO] [DE] Inserted 26 rows.
2025-06-25 07:54:33,845 [INFO] [FANG] Inserted 26 rows.
2025-06-25 07:54:33,866 [INFO] [DLR] Inserted 26 rows.
2025-06-25 07:54:33,882 [INFO] [DG] Inserted 26 rows.
2025-06-25 07:54:34,022 [INFO] [DLTR] Inserted 26 rows.
2025-06-25 07:54:34,113 [INFO] [DASH] Inserted 26 rows.
2025-06-25 07:54:34,134 [INFO] [D] Inserted 26 rows.
2025-06-25 07:54:34,173 [INFO] [DPZ] Inserted 26 rows.
2025-06-25 07:54:34,179 [INFO] [DOW] Inserted 26 rows.
2025-06-25 07:54:34,210 [INFO] [DOV] Inserted 26 rows.
2025-06-25 07:54:34,225 [INFO] [DHI] Inserted 26 rows.
2025-06-25 07:54:34,244 [INFO] [DTE] Inserted 26 rows.
2025-06-25 07:54:34,392 [INFO] [DUK] Inserted 26 rows.
2025-06-25 07:54:34,482 [INFO] [EMN] Inserted 26 rows.
2025-06-25 07:54:34,542 [INFO] [ETN] Inserted 26 rows.
2025-06-25 07:54:34,563 [INFO] [DD] Inserted 26 rows.
2025-06-25 07:54:34,564 [INFO] [EW] Inserted 26 rows.
2025-06-25 07:54:34,583 [INFO] [EBAY] Inserted 26 rows.
2025-06-25 07:54:34,620 [INFO] [ECL] Inserted 26 rows.
2025-06-25 07:54:34,629 [INFO] [EIX] Inserted 26 rows.
2025-06-25 07:54:34,715 [INFO] [EA] Inserted 26 rows.
2025-06-25 07:54:34,815 [INFO] [ELV] Inserted 26 rows.
2025-06-25 07:54:34,860 [INFO] [ENPH] Inserted 26 rows.
2025-06-25 07:54:34,925 [INFO] [ETR] Inserted 26 rows.
2025-06-25 07:54:34,936 [INFO] [EPAM] Inserted 26 rows.
2025-06-25 07:54:34,965 [INFO] [EOG] Inserted 26 rows.
2025-06-25 07:54:34,972 [INFO] [EQT] Inserted 26 rows.
2025-06-25 07:54:35,000 [INFO] [EMR] Inserted 26 rows.
2025-06-25 07:54:35,091 [INFO] [EFX] Inserted 26 rows.
2025-06-25 07:54:35,160 [INFO] [EQIX] Inserted 26 rows.
2025-06-25 07:54:35,257 [INFO] [EQR] Inserted 26 rows.
2025-06-25 07:54:35,327 [INFO] [EG] Inserted 26 rows.
2025-06-25 07:54:35,331 [INFO] [ERIE] Inserted 26 rows.
2025-06-25 07:54:35,358 [INFO] [ESS] Inserted 26 rows.
2025-06-25 07:54:35,383 [INFO] [EVRG] Inserted 26 rows.
2025-06-25 07:54:35,394 [INFO] [EL] Inserted 26 rows.
2025-06-25 07:54:35,474 [INFO] [ES] Inserted 26 rows.
2025-06-25 07:54:35,572 [INFO] [EXE] Inserted 26 rows.
2025-06-25 07:54:35,611 [INFO] [EXC] Inserted 26 rows.
2025-06-25 07:54:35,669 [INFO] [EXPD] Inserted 26 rows.
2025-06-25 07:54:35,700 [INFO] [EXR] Inserted 26 rows.
2025-06-25 07:54:35,718 [INFO] [FFIV] Inserted 26 rows.
2025-06-25 07:54:35,719 [INFO] [EXPE] Inserted 26 rows.
2025-06-25 07:54:35,761 [INFO] [XOM] Inserted 26 rows.
2025-06-25 07:54:35,853 [INFO] [FDS] Inserted 26 rows.
2025-06-25 07:54:35,907 [INFO] [FICO] Inserted 26 rows.
2025-06-25 07:54:36,029 [INFO] [FRT] Inserted 26 rows.
2025-06-25 07:54:36,042 [INFO] [FIS] Inserted 26 rows.
2025-06-25 07:54:36,056 [INFO] [FDX] Inserted 26 rows.
2025-06-25 07:54:36,069 [INFO] [FITB] Inserted 26 rows.
2025-06-25 07:54:36,070 [INFO] [FAST] Inserted 26 rows.
2025-06-25 07:54:36,085 [INFO] [FSLR] Inserted 26 rows.
2025-06-25 07:54:36,189 [INFO] [FE] Inserted 26 rows.
2025-06-25 07:54:36,211 [INFO] [FI] Inserted 26 rows.
2025-06-25 07:54:36,358 [INFO] [FTNT] Inserted 26 rows.
2025-06-25 07:54:36,392 [INFO] [FOXA] Inserted 26 rows.
2025-06-25 07:54:36,393 [INFO] [FOX] Inserted 26 rows.
2025-06-25 07:54:36,395 [INFO] [FTV] Inserted 26 rows.
2025-06-25 07:54:36,415 [INFO] [F] Inserted 26 rows.
2025-06-25 07:54:36,453 [INFO] [BEN] Inserted 26 rows.
2025-06-25 07:54:36,569 [INFO] [FCX] Inserted 26 rows.
2025-06-25 07:54:36,598 [INFO] [GRMN] Inserted 26 rows.
2025-06-25 07:54:36,666 [INFO] [IT] Inserted 26 rows.
2025-06-25 07:54:36,721 [INFO] [GEV] Inserted 26 rows.
2025-06-25 07:54:36,758 [INFO] [GEHC] Inserted 26 rows.
2025-06-25 07:54:36,789 [INFO] [GNRC] Inserted 26 rows.
2025-06-25 07:54:36,807 [INFO] [GEN] Inserted 26 rows.
2025-06-25 07:54:36,815 [INFO] [GE] Inserted 26 rows.
2025-06-25 07:54:36,944 [INFO] [GIS] Inserted 26 rows.
2025-06-25 07:54:37,007 [INFO] [GM] Inserted 26 rows.
2025-06-25 07:54:37,008 [INFO] [GD] Inserted 26 rows.
2025-06-25 07:54:37,071 [INFO] [GPC] Inserted 26 rows.
2025-06-25 07:54:37,073 [INFO] [GILD] Inserted 26 rows.
2025-06-25 07:54:37,127 [INFO] [GPN] Inserted 26 rows.
2025-06-25 07:54:37,199 [INFO] [GDDY] Inserted 26 rows.
2025-06-25 07:54:37,223 [INFO] [GL] Inserted 26 rows.
2025-06-25 07:54:37,576 [INFO] [HCA] Inserted 26 rows.
2025-06-25 07:54:37,794 [INFO] [GS] Inserted 26 rows.
2025-06-25 07:54:37,885 [INFO] [HAS] Inserted 26 rows.
2025-06-25 07:54:37,989 [INFO] [DOC] Inserted 26 rows.
2025-06-25 07:54:38,111 [INFO] [HES] Inserted 26 rows.
2025-06-25 07:54:38,112 [INFO] [HPE] Inserted 26 rows.
2025-06-25 07:54:38,150 [INFO] [HSIC] Inserted 26 rows.
2025-06-25 07:54:38,207 [INFO] [HLT] Inserted 26 rows.
2025-06-25 07:54:38,208 [INFO] [HAL] Inserted 26 rows.
2025-06-25 07:54:38,272 [INFO] [HIG] Inserted 26 rows.
2025-06-25 07:54:38,330 [INFO] [HOLX] Inserted 26 rows.
2025-06-25 07:54:38,453 [INFO] [HSY] Inserted 26 rows.
2025-06-25 07:54:38,483 [INFO] [HD] Inserted 26 rows.
2025-06-25 07:54:38,487 [INFO] [HON] Inserted 26 rows.
2025-06-25 07:54:38,515 [INFO] [HRL] Inserted 26 rows.
2025-06-25 07:54:38,598 [INFO] [HWM] Inserted 26 rows.
2025-06-25 07:54:38,676 [INFO] [HUBB] Inserted 26 rows.
2025-06-25 07:54:38,691 [INFO] [HST] Inserted 26 rows.
2025-06-25 07:54:38,693 [INFO] [HPQ] Inserted 26 rows.
2025-06-25 07:54:38,831 [INFO] [HUM] Inserted 26 rows.
2025-06-25 07:54:38,839 [INFO] [HII] Inserted 26 rows.
2025-06-25 07:54:38,840 [INFO] [HBAN] Inserted 26 rows.
2025-06-25 07:54:38,944 [INFO] [IEX] Inserted 26 rows.
2025-06-25 07:54:38,958 [INFO] [IBM] Inserted 26 rows.
2025-06-25 07:54:38,992 [INFO] [INCY] Inserted 26 rows.
2025-06-25 07:54:39,062 [INFO] [IDXX] Inserted 26 rows.
2025-06-25 07:54:39,130 [INFO] [PODD] Inserted 26 rows.
2025-06-25 07:54:39,131 [INFO] [ITW] Inserted 26 rows.
2025-06-25 07:54:39,141 [INFO] [IR] Inserted 26 rows.
2025-06-25 07:54:39,180 [INFO] [INTC] Inserted 26 rows.
2025-06-25 07:54:39,273 [INFO] [ICE] Inserted 26 rows.
2025-06-25 07:54:39,396 [INFO] [IP] Inserted 26 rows.
2025-06-25 07:54:39,427 [INFO] [IPG] Inserted 26 rows.
2025-06-25 07:54:39,428 [INFO] [ISRG] Inserted 26 rows.
2025-06-25 07:54:39,437 [INFO] [IFF] Inserted 26 rows.
2025-06-25 07:54:39,438 [INFO] [INTU] Inserted 26 rows.
2025-06-25 07:54:39,507 [INFO] [INVH] Inserted 26 rows.
2025-06-25 07:54:39,509 [INFO] [IVZ] Inserted 26 rows.
2025-06-25 07:54:39,585 [INFO] [IQV] Inserted 26 rows.
2025-06-25 07:54:39,766 [INFO] [JBL] Inserted 26 rows.
2025-06-25 07:54:39,767 [INFO] [J] Inserted 26 rows.
2025-06-25 07:54:39,790 [INFO] [IRM] Inserted 26 rows.
2025-06-25 07:54:39,819 [INFO] [JKHY] Inserted 26 rows.
2025-06-25 07:54:39,859 [INFO] [JBHT] Inserted 26 rows.
2025-06-25 07:54:39,871 [INFO] [JCI] Inserted 26 rows.
2025-06-25 07:54:39,912 [INFO] [JNJ] Inserted 26 rows.
2025-06-25 07:54:39,948 [INFO] [JPM] Inserted 26 rows.
2025-06-25 07:54:40,091 [INFO] [JNPR] Inserted 26 rows.
2025-06-25 07:54:40,100 [INFO] [KVUE] Inserted 26 rows.
2025-06-25 07:54:40,149 [INFO] [KDP] Inserted 26 rows.
2025-06-25 07:54:40,172 [INFO] [K] Inserted 26 rows.
2025-06-25 07:54:40,182 [INFO] [KEYS] Inserted 26 rows.
2025-06-25 07:54:40,305 [INFO] [KEY] Inserted 26 rows.
2025-06-25 07:54:40,307 [INFO] [KMB] Inserted 26 rows.
2025-06-25 07:54:40,453 [INFO] [KIM] Inserted 26 rows.
2025-06-25 07:54:40,519 [INFO] [KLAC] Inserted 26 rows.
2025-06-25 07:54:40,526 [INFO] [KMI] Inserted 26 rows.
2025-06-25 07:54:40,527 [INFO] [KKR] Inserted 26 rows.
2025-06-25 07:54:40,564 [INFO] [KHC] Inserted 26 rows.
2025-06-25 07:54:40,584 [INFO] [KR] Inserted 26 rows.
2025-06-25 07:54:40,675 [INFO] [LH] Inserted 26 rows.
2025-06-25 07:54:40,708 [INFO] [LHX] Inserted 26 rows.
2025-06-25 07:54:40,780 [INFO] [LRCX] Inserted 26 rows.
2025-06-25 07:54:40,837 [INFO] [LVS] Inserted 26 rows.
2025-06-25 07:54:40,846 [INFO] [LDOS] Inserted 26 rows.
2025-06-25 07:54:40,859 [INFO] [LW] Inserted 26 rows.
2025-06-25 07:54:40,937 [INFO] [LII] Inserted 26 rows.
2025-06-25 07:54:40,999 [INFO] [LEN] Inserted 26 rows.
2025-06-25 07:54:41,073 [INFO] [LLY] Inserted 26 rows.
2025-06-25 07:54:41,111 [INFO] [LIN] Inserted 26 rows.
2025-06-25 07:54:41,148 [INFO] [LKQ] Inserted 26 rows.
2025-06-25 07:54:41,161 [INFO] [LYV] Inserted 26 rows.
2025-06-25 07:54:41,232 [INFO] [LMT] Inserted 26 rows.
2025-06-25 07:54:41,244 [INFO] [L] Inserted 26 rows.
2025-06-25 07:54:41,290 [INFO] [LOW] Inserted 26 rows.
2025-06-25 07:54:41,319 [INFO] [LULU] Inserted 26 rows.
2025-06-25 07:54:41,458 [INFO] [MTB] Inserted 26 rows.
2025-06-25 07:54:41,472 [INFO] [LYB] Inserted 26 rows.
2025-06-25 07:54:41,474 [INFO] [MPC] Inserted 26 rows.
2025-06-25 07:54:41,558 [INFO] [MKTX] Inserted 26 rows.
2025-06-25 07:54:41,622 [INFO] [MMC] Inserted 26 rows.
2025-06-25 07:54:41,649 [INFO] [MLM] Inserted 26 rows.
2025-06-25 07:54:41,671 [INFO] [MAR] Inserted 26 rows.
2025-06-25 07:54:41,673 [INFO] [MAS] Inserted 26 rows.
2025-06-25 07:54:41,797 [INFO] [MA] Inserted 26 rows.
2025-06-25 07:54:41,806 [INFO] [MTCH] Inserted 26 rows.
2025-06-25 07:54:41,843 [INFO] [MKC] Inserted 26 rows.
2025-06-25 07:54:41,972 [INFO] [MCK] Inserted 26 rows.
2025-06-25 07:54:41,973 [INFO] [META] Inserted 26 rows.
2025-06-25 07:54:42,007 [INFO] [MCD] Inserted 26 rows.
2025-06-25 07:54:42,059 [INFO] [MRK] Inserted 26 rows.
2025-06-25 07:54:42,132 [INFO] [MET] Inserted 26 rows.
2025-06-25 07:54:42,133 [INFO] [MTD] Inserted 26 rows.
2025-06-25 07:54:42,151 [INFO] [MDT] Inserted 26 rows.
2025-06-25 07:54:42,164 [INFO] [MGM] Inserted 26 rows.
2025-06-25 07:54:42,298 [INFO] [MCHP] Inserted 26 rows.
2025-06-25 07:54:42,318 [INFO] [MU] Inserted 26 rows.
2025-06-25 07:54:42,336 [INFO] [MSFT] Inserted 26 rows.
2025-06-25 07:54:42,419 [INFO] [MRNA] Inserted 26 rows.
2025-06-25 07:54:42,460 [INFO] [MOH] Inserted 26 rows.
2025-06-25 07:54:42,470 [INFO] [MAA] Inserted 26 rows.
2025-06-25 07:54:42,488 [INFO] [MHK] Inserted 26 rows.
2025-06-25 07:54:42,528 [INFO] [TAP] Inserted 26 rows.
2025-06-25 07:54:42,627 [INFO] [MDLZ] Inserted 26 rows.
2025-06-25 07:54:42,629 [INFO] [MPWR] Inserted 26 rows.
2025-06-25 07:54:42,651 [INFO] [MNST] Inserted 26 rows.
2025-06-25 07:54:42,732 [INFO] [MCO] Inserted 26 rows.
2025-06-25 07:54:42,813 [INFO] [MOS] Inserted 26 rows.
2025-06-25 07:54:42,871 [INFO] [MS] Inserted 26 rows.
2025-06-25 07:54:42,903 [INFO] [MSCI] Inserted 26 rows.
2025-06-25 07:54:42,945 [INFO] [NDAQ] Inserted 26 rows.
2025-06-25 07:54:42,989 [INFO] [NTAP] Inserted 26 rows.
2025-06-25 07:54:42,990 [INFO] [MSI] Inserted 26 rows.
2025-06-25 07:54:43,031 [INFO] [NFLX] Inserted 26 rows.
2025-06-25 07:54:43,131 [INFO] [NWSA] Inserted 26 rows.
2025-06-25 07:54:43,155 [INFO] [NEM] Inserted 26 rows.
2025-06-25 07:54:43,204 [INFO] [NWS] Inserted 26 rows.
2025-06-25 07:54:43,332 [INFO] [NI] Inserted 26 rows.
2025-06-25 07:54:43,369 [INFO] [NEE] Inserted 26 rows.
2025-06-25 07:54:43,370 [INFO] [NKE] Inserted 26 rows.
2025-06-25 07:54:43,414 [INFO] [NSC] Inserted 26 rows.
2025-06-25 07:54:43,416 [INFO] [NDSN] Inserted 26 rows.
2025-06-25 07:54:43,490 [INFO] [NTRS] Inserted 26 rows.
2025-06-25 07:54:43,513 [INFO] [NOC] Inserted 26 rows.
2025-06-25 07:54:43,514 [INFO] [NCLH] Inserted 26 rows.
2025-06-25 07:54:43,663 [INFO] [NRG] Inserted 26 rows.
2025-06-25 07:54:43,683 [INFO] [NVDA] Inserted 26 rows.
2025-06-25 07:54:43,741 [INFO] [NUE] Inserted 26 rows.
2025-06-25 07:54:43,839 [INFO] [NVR] Inserted 26 rows.
2025-06-25 07:54:43,840 [INFO] [ODFL] Inserted 26 rows.
2025-06-25 07:54:43,863 [INFO] [NXPI] Inserted 26 rows.
2025-06-25 07:54:43,866 [INFO] [ORLY] Inserted 26 rows.
2025-06-25 07:54:43,881 [INFO] [OXY] Inserted 26 rows.
2025-06-25 07:54:43,998 [INFO] [ON] Inserted 26 rows.
2025-06-25 07:54:44,009 [INFO] [OMC] Inserted 26 rows.
2025-06-25 07:54:44,081 [INFO] [OKE] Inserted 26 rows.
2025-06-25 07:54:44,177 [INFO] [PLTR] Inserted 26 rows.
2025-06-25 07:54:44,187 [INFO] [PKG] Inserted 26 rows.
2025-06-25 07:54:44,206 [INFO] [OTIS] Inserted 26 rows.
2025-06-25 07:54:44,208 [INFO] [PCAR] Inserted 26 rows.
2025-06-25 07:54:44,258 [INFO] [ORCL] Inserted 26 rows.
2025-06-25 07:54:44,390 [INFO] [PARA] Inserted 26 rows.
2025-06-25 07:54:44,391 [INFO] [PANW] Inserted 26 rows.
2025-06-25 07:54:44,423 [INFO] [PH] Inserted 26 rows.
2025-06-25 07:54:44,489 [INFO] [PAYC] Inserted 26 rows.
2025-06-25 07:54:44,511 [INFO] [PAYX] Inserted 26 rows.
2025-06-25 07:54:44,522 [INFO] [PYPL] Inserted 26 rows.
2025-06-25 07:54:44,542 [INFO] [PNR] Inserted 26 rows.
2025-06-25 07:54:44,643 [INFO] [PEP] Inserted 26 rows.
2025-06-25 07:54:44,757 [INFO] [PFE] Inserted 26 rows.
2025-06-25 07:54:44,759 [INFO] [PM] Inserted 26 rows.
2025-06-25 07:54:44,764 [INFO] [PCG] Inserted 26 rows.
2025-06-25 07:54:44,796 [INFO] [PSX] Inserted 26 rows.
2025-06-25 07:54:44,860 [INFO] [PNW] Inserted 26 rows.
2025-06-25 07:54:44,913 [INFO] [PNC] Inserted 26 rows.
2025-06-25 07:54:44,934 [INFO] [POOL] Inserted 26 rows.
2025-06-25 07:54:45,071 [INFO] [PPG] Inserted 26 rows.
2025-06-25 07:54:45,081 [INFO] [PFG] Inserted 26 rows.
2025-06-25 07:54:45,157 [INFO] [PGR] Inserted 26 rows.
2025-06-25 07:54:45,158 [INFO] [PPL] Inserted 26 rows.
2025-06-25 07:54:45,178 [INFO] [PLD] Inserted 26 rows.
2025-06-25 07:54:45,179 [INFO] [PG] Inserted 26 rows.
2025-06-25 07:54:45,264 [INFO] [PRU] Inserted 26 rows.
2025-06-25 07:54:45,297 [INFO] [PEG] Inserted 26 rows.
2025-06-25 07:54:45,415 [INFO] [PSA] Inserted 26 rows.
2025-06-25 07:54:45,470 [INFO] [PTC] Inserted 26 rows.
2025-06-25 07:54:45,476 [INFO] [PWR] Inserted 26 rows.
2025-06-25 07:54:45,496 [INFO] [QCOM] Inserted 26 rows.
2025-06-25 07:54:45,506 [INFO] [PHM] Inserted 26 rows.
2025-06-25 07:54:45,598 [INFO] [DGX] Inserted 26 rows.
2025-06-25 07:54:45,643 [INFO] [RL] Inserted 26 rows.
2025-06-25 07:54:45,682 [INFO] [RJF] Inserted 26 rows.
2025-06-25 07:54:45,788 [INFO] [REGN] Inserted 26 rows.
2025-06-25 07:54:45,805 [INFO] [REG] Inserted 26 rows.
2025-06-25 07:54:45,868 [INFO] [RTX] Inserted 26 rows.
2025-06-25 07:54:45,900 [INFO] [O] Inserted 26 rows.
2025-06-25 07:54:45,958 [INFO] [RF] Inserted 26 rows.
2025-06-25 07:54:45,967 [INFO] [RMD] Inserted 26 rows.
2025-06-25 07:54:45,990 [INFO] [RSG] Inserted 26 rows.
2025-06-25 07:54:46,132 [INFO] [RVTY] Inserted 26 rows.
2025-06-25 07:54:46,143 [INFO] [ROK] Inserted 26 rows.
2025-06-25 07:54:46,209 [INFO] [ROL] Inserted 26 rows.
2025-06-25 07:54:46,270 [INFO] [ROST] Inserted 26 rows.
2025-06-25 07:54:46,317 [INFO] [RCL] Inserted 26 rows.
2025-06-25 07:54:46,343 [INFO] [SPGI] Inserted 26 rows.
2025-06-25 07:54:46,352 [INFO] [CRM] Inserted 26 rows.
2025-06-25 07:54:46,365 [INFO] [ROP] Inserted 26 rows.
2025-06-25 07:54:46,513 [INFO] [SBAC] Inserted 26 rows.
2025-06-25 07:54:46,519 [INFO] [STX] Inserted 26 rows.
2025-06-25 07:54:46,558 [INFO] [SLB] Inserted 26 rows.
2025-06-25 07:54:46,620 [INFO] [NOW] Inserted 26 rows.
2025-06-25 07:54:46,631 [INFO] [SRE] Inserted 26 rows.
2025-06-25 07:54:46,728 [INFO] [SWKS] Inserted 26 rows.
2025-06-25 07:54:46,741 [INFO] [SHW] Inserted 26 rows.
2025-06-25 07:54:46,780 [INFO] [SPG] Inserted 26 rows.
2025-06-25 07:54:46,828 [INFO] [SW] Inserted 26 rows.
2025-06-25 07:54:46,905 [INFO] [SNA] Inserted 26 rows.
2025-06-25 07:54:46,939 [INFO] [SJM] Inserted 26 rows.
2025-06-25 07:54:47,038 [INFO] [SO] Inserted 26 rows.
2025-06-25 07:54:47,078 [INFO] [LUV] Inserted 26 rows.
2025-06-25 07:54:47,087 [INFO] [SBUX] Inserted 26 rows.
2025-06-25 07:54:47,094 [INFO] [SWK] Inserted 26 rows.
2025-06-25 07:54:47,111 [INFO] [SOLV] Inserted 26 rows.
2025-06-25 07:54:47,148 [INFO] [STT] Inserted 26 rows.
2025-06-25 07:54:47,316 [INFO] [STLD] Inserted 26 rows.
2025-06-25 07:54:47,337 [INFO] [STE] Inserted 26 rows.
2025-06-25 07:54:47,401 [INFO] [SYK] Inserted 26 rows.
2025-06-25 07:54:47,411 [INFO] [SYF] Inserted 26 rows.
2025-06-25 07:54:47,425 [INFO] [SNPS] Inserted 26 rows.
2025-06-25 07:54:47,431 [INFO] [SMCI] Inserted 26 rows.
2025-06-25 07:54:47,449 [INFO] [TMUS] Inserted 26 rows.
2025-06-25 07:54:47,459 [INFO] [SYY] Inserted 26 rows.
2025-06-25 07:54:47,676 [INFO] [TTWO] Inserted 26 rows.
2025-06-25 07:54:47,682 [INFO] [TROW] Inserted 26 rows.
2025-06-25 07:54:47,737 [INFO] [TPR] Inserted 26 rows.
2025-06-25 07:54:47,747 [INFO] [TDY] Inserted 26 rows.
2025-06-25 07:54:47,756 [INFO] [TRGP] Inserted 26 rows.
2025-06-25 07:54:47,777 [INFO] [TEL] Inserted 26 rows.
2025-06-25 07:54:47,786 [INFO] [TER] Inserted 26 rows.
2025-06-25 07:54:47,795 [INFO] [TGT] Inserted 26 rows.
2025-06-25 07:54:48,050 [INFO] [TSLA] Inserted 26 rows.
2025-06-25 07:54:48,062 [INFO] [TXN] Inserted 26 rows.
2025-06-25 07:54:48,099 [INFO] [TXT] Inserted 26 rows.
2025-06-25 07:54:48,118 [INFO] [TMO] Inserted 26 rows.
2025-06-25 07:54:48,132 [INFO] [TJX] Inserted 26 rows.
2025-06-25 07:54:48,155 [INFO] [TSCO] Inserted 26 rows.
2025-06-25 07:54:48,156 [INFO] [TKO] Inserted 26 rows.
2025-06-25 07:54:48,236 [INFO] [TPL] Inserted 26 rows.
2025-06-25 07:54:48,374 [INFO] [TDG] Inserted 26 rows.
2025-06-25 07:54:48,401 [INFO] [TT] Inserted 26 rows.
2025-06-25 07:54:48,451 [INFO] [TRV] Inserted 26 rows.
2025-06-25 07:54:48,475 [INFO] [TYL] Inserted 26 rows.
2025-06-25 07:54:48,498 [INFO] [TRMB] Inserted 26 rows.
2025-06-25 07:54:48,538 [INFO] [TFC] Inserted 26 rows.
2025-06-25 07:54:48,591 [INFO] [TSN] Inserted 26 rows.
2025-06-25 07:54:48,593 [INFO] [USB] Inserted 26 rows.
2025-06-25 07:54:48,687 [INFO] [UBER] Inserted 26 rows.
2025-06-25 07:54:48,742 [INFO] [UDR] Inserted 26 rows.
2025-06-25 07:54:48,752 [INFO] [ULTA] Inserted 26 rows.
2025-06-25 07:54:48,865 [INFO] [UAL] Inserted 26 rows.
2025-06-25 07:54:48,866 [INFO] [UNP] Inserted 26 rows.
2025-06-25 07:54:48,900 [INFO] [UPS] Inserted 26 rows.
2025-06-25 07:54:48,901 [INFO] [URI] Inserted 26 rows.
2025-06-25 07:54:48,951 [INFO] [UNH] Inserted 26 rows.
2025-06-25 07:54:49,038 [INFO] [UHS] Inserted 26 rows.
2025-06-25 07:54:49,076 [INFO] [VTR] Inserted 26 rows.
2025-06-25 07:54:49,143 [INFO] [VLO] Inserted 26 rows.
2025-06-25 07:54:49,198 [INFO] [VRSK] Inserted 26 rows.
2025-06-25 07:54:49,200 [INFO] [VLTO] Inserted 26 rows.
2025-06-25 07:54:49,256 [INFO] [VRSN] Inserted 26 rows.
2025-06-25 07:54:49,288 [INFO] [VRTX] Inserted 26 rows.
2025-06-25 07:54:49,362 [INFO] [VZ] Inserted 26 rows.
2025-06-25 07:54:49,363 [INFO] [VICI] Inserted 26 rows.
2025-06-25 07:54:49,434 [INFO] [VTRS] Inserted 26 rows.
2025-06-25 07:54:49,449 [INFO] [V] Inserted 26 rows.
2025-06-25 07:54:49,550 [INFO] [VMC] Inserted 26 rows.
2025-06-25 07:54:49,554 [INFO] [VST] Inserted 26 rows.
2025-06-25 07:54:49,715 [INFO] [WAB] Inserted 26 rows.
2025-06-25 07:54:49,719 [INFO] [WRB] Inserted 26 rows.
2025-06-25 07:54:49,721 [INFO] [WBA] Inserted 26 rows.
2025-06-25 07:54:49,733 [INFO] [GWW] Inserted 26 rows.
2025-06-25 07:54:49,804 [INFO] [WMT] Inserted 26 rows.
2025-06-25 07:54:49,819 [INFO] [DIS] Inserted 26 rows.
2025-06-25 07:54:49,841 [INFO] [WBD] Inserted 26 rows.
2025-06-25 07:54:49,883 [INFO] [WM] Inserted 26 rows.
2025-06-25 07:54:50,002 [INFO] [WAT] Inserted 26 rows.
2025-06-25 07:54:50,055 [INFO] [WEC] Inserted 26 rows.
2025-06-25 07:54:50,087 [INFO] [WFC] Inserted 26 rows.
2025-06-25 07:54:50,088 [INFO] [WELL] Inserted 26 rows.
2025-06-25 07:54:50,135 [INFO] [WDC] Inserted 26 rows.
2025-06-25 07:54:50,215 [INFO] [WY] Inserted 26 rows.
2025-06-25 07:54:50,277 [INFO] [WST] Inserted 26 rows.
2025-06-25 07:54:50,292 [INFO] [WSM] Inserted 26 rows.
2025-06-25 07:54:50,415 [INFO] [WMB] Inserted 26 rows.
2025-06-25 07:54:50,420 [INFO] [WDAY] Inserted 26 rows.
2025-06-25 07:54:50,469 [INFO] [WYNN] Inserted 26 rows.
2025-06-25 07:54:50,506 [INFO] [WTW] Inserted 26 rows.
2025-06-25 07:54:50,545 [INFO] [XYL] Inserted 26 rows.
2025-06-25 07:54:50,546 [INFO] [XEL] Inserted 26 rows.
2025-06-25 07:54:50,614 [INFO] [ZBRA] Inserted 26 rows.
2025-06-25 07:54:50,648 [INFO] [YUM] Inserted 26 rows.
2025-06-25 07:54:50,737 [INFO] [ZBH] Inserted 26 rows.
2025-06-25 07:54:50,817 [INFO] [ZTS] Inserted 26 rows.
2025-06-25 07:54:50,819 [WARNING] Failed tickers saved to /Users/shailyjaloree/eqx-index-project/failed_tickers.csv
2025-06-25 07:54:50,819 [INFO] Total rows inserted: 13052
2025-06-25 07:54:50,985 [INFO] SPY index data inserted successfully.
2025-06-25 07:54:50,986 [INFO] Data ingestion complete.
